<?xml version="1.0" encoding="UTF-8"?>
<!-- Generated by org.testng.reporters.JUnitReportReporter -->
<testsuite hostname="DESKTOP-Q5PKL2R" failures="0" tests="1" name="com.Salesforce.Test.OpportunitiesPageTCs" time="35.616" errors="0" timestamp="2022-05-13T15:16:08 PDT" skipped="0">
  <testcase classname="com.Salesforce.Test.OpportunitiesPageTCs" name="TC19testQuarterlySummaryReport" time="35.616"/>
  <system-out/>
</testsuite> <!-- com.Salesforce.Test.OpportunitiesPageTCs -->
