<?xml version="1.0" encoding="UTF-8"?>
<!-- Generated by org.testng.reporters.JUnitReportReporter -->
<testsuite hostname="DESKTOP-Q5PKL2R" failures="0" tests="1" name="com.Salesforce.Test.LoginPageTCs" time="17.970" errors="0" timestamp="2022-05-15T23:59:44 PDT" skipped="0">
  <testcase classname="com.Salesforce.Test.LoginPageTCs" name="TC01noPasswordError" time="17.970"/>
  <system-out/>
</testsuite> <!-- com.Salesforce.Test.LoginPageTCs -->
