<?xml version="1.0" encoding="UTF-8"?>
<!-- Generated by org.testng.reporters.JUnitReportReporter -->
<testsuite hostname="DESKTOP-Q5PKL2R" failures="0" tests="1" name="com.Salesforce.Test.RandomScenariosTCs" time="45.345" errors="0" timestamp="2022-05-16T09:50:24 PDT" skipped="0">
  <testcase classname="com.Salesforce.Test.RandomScenariosTCs" name="TC36blockCalendarEvent" time="45.345"/>
  <system-out/>
</testsuite> <!-- com.Salesforce.Test.RandomScenariosTCs -->
