<?xml version="1.0" encoding="UTF-8"?>
<!-- Generated by org.testng.reporters.JUnitReportReporter -->
<testsuite hostname="DESKTOP-Q5PKL2R" failures="0" tests="1" name="com.Salesforce.Test.AutomateSFTestCases" time="4.513" errors="0" timestamp="2022-05-07T12:40:03 PDT" skipped="0">
  <testcase classname="com.Salesforce.Test.AutomateSFTestCases" name="TC04BloginFailedError" time="4.513"/>
  <system-out/>
</testsuite> <!-- com.Salesforce.Test.AutomateSFTestCases -->
