<?xml version="1.0" encoding="UTF-8"?>
<!-- Generated by org.testng.reporters.JUnitReportReporter -->
<testsuite hostname="DESKTOP-Q5PKL2R" failures="0" tests="1" name="com.Salesforce.Test.OpportunitiesPage" time="19.563" errors="0" timestamp="2022-05-08T17:57:12 PDT" skipped="0">
  <testcase classname="com.Salesforce.Test.OpportunitiesPage" name="TC19testQuarterlySummaryReport" time="19.563"/>
  <system-out/>
</testsuite> <!-- com.Salesforce.Test.OpportunitiesPage -->
