<?xml version="1.0" encoding="UTF-8"?>
<!-- Generated by org.testng.reporters.JUnitReportReporter -->
<testsuite hostname="DESKTOP-Q5PKL2R" failures="0" tests="6" name="com.salesforce.tests.login.LoginTestScripts" time="87.764" errors="0" timestamp="2022-05-24T22:03:08 PDT" skipped="0">
  <testcase classname="com.salesforce.tests.login.LoginTestScripts" name="TC01_testnoPasswordError" time="10.694"/>
  <system-out/>
  <testcase classname="com.salesforce.tests.login.LoginTestScripts" name="TC02_validLogin" time="17.600"/>
  <system-out/>
  <testcase classname="com.salesforce.tests.login.LoginTestScripts" name="TC03_checkRememberMe" time="18.976"/>
  <system-out/>
  <testcase classname="com.salesforce.tests.login.LoginTestScripts" name="TC04A_forgotPasswordLink" time="10.516"/>
  <system-out/>
  <testcase classname="com.salesforce.tests.login.LoginTestScripts" name="TC04B_loginFailedError" time="13.243"/>
  <system-out/>
  <testcase classname="com.salesforce.tests.login.LoginTestScripts" name="TC05_validateUserMenuDropdown" time="16.735"/>
  <system-out/>
</testsuite> <!-- com.salesforce.tests.login.LoginTestScripts -->
