<?xml version="1.0" encoding="UTF-8"?>
<!-- Generated by org.testng.reporters.JUnitReportReporter -->
<testsuite hostname="DESKTOP-Q5PKL2R" failures="0" tests="6" name="com.salesforce.tests.login.LoginTestScripts" time="105.112" errors="0" timestamp="2022-05-31T14:49:50 PDT" skipped="0">
  <testcase classname="com.salesforce.tests.login.LoginTestScripts" name="TC01_testnoPasswordError" time="11.834"/>
  <system-out/>
  <testcase classname="com.salesforce.tests.login.LoginTestScripts" name="TC02_validLogin" time="21.483"/>
  <system-out/>
  <testcase classname="com.salesforce.tests.login.LoginTestScripts" name="TC03_checkRememberMe" time="27.120"/>
  <system-out/>
  <testcase classname="com.salesforce.tests.login.LoginTestScripts" name="TC04A_forgotPasswordLink" time="11.018"/>
  <system-out/>
  <testcase classname="com.salesforce.tests.login.LoginTestScripts" name="TC04B_loginFailedError" time="11.909"/>
  <system-out/>
  <testcase classname="com.salesforce.tests.login.LoginTestScripts" name="TC05_validateUserMenuDropdown" time="21.748"/>
  <system-out/>
</testsuite> <!-- com.salesforce.tests.login.LoginTestScripts -->
