<?xml version="1.0" encoding="UTF-8"?>
<!-- Generated by org.testng.reporters.JUnitReportReporter -->
<testsuite hostname="DESKTOP-Q5PKL2R" failures="0" tests="1" name="com.Salesforce.Test.UserMenuDropdownTCs" time="50.172" errors="0" timestamp="2022-05-12T23:26:06 PDT" skipped="0">
  <testcase classname="com.Salesforce.Test.UserMenuDropdownTCs" name="TC07changeMySettings" time="50.172"/>
  <system-out/>
</testsuite> <!-- com.Salesforce.Test.UserMenuDropdownTCs -->
