<?xml version="1.0" encoding="UTF-8"?>
<!-- Generated by org.testng.reporters.JUnitReportReporter -->
<testsuite hostname="DESKTOP-Q5PKL2R" failures="0" tests="1" name="com.Salesforce.Test.AccountsPageTCs" time="34.259" errors="0" timestamp="2022-05-16T12:18:51 PDT" skipped="0">
  <testcase classname="com.Salesforce.Test.AccountsPageTCs" name="TC14createAccountReport" time="34.259"/>
  <system-out/>
</testsuite> <!-- com.Salesforce.Test.AccountsPageTCs -->
