<?xml version="1.0" encoding="UTF-8"?>
<!-- Generated by org.testng.reporters.JUnitReportReporter -->
<testsuite hostname="DESKTOP-Q5PKL2R" failures="0" tests="1" name="com.Salesforce.Test.ContactsPageTCs" time="23.227" errors="0" timestamp="2022-05-14T15:02:56 PDT" skipped="0">
  <testcase classname="com.Salesforce.Test.ContactsPageTCs" name="TC32testSaveAndNewButton" time="23.227"/>
  <system-out/>
</testsuite> <!-- com.Salesforce.Test.ContactsPageTCs -->
